<?xml version="1.0" encoding="UTF-8"?>
<!-- Generated by org.testng.reporters.JUnitXMLReporter -->
<testsuite hostname="DESKTOP-CIRC4LK" name="Default test" tests="3" failures="0" timestamp="5 Dec 2020 07:38:39 GMT" time="22.373" errors="0">
  <testcase name="doLogin" time="2.825" classname="com.qa.hubspot.tests.LoginPageTest"/>
  <testcase name="verifyForgottenLinkExists" time="0.115" classname="com.qa.hubspot.tests.LoginPageTest"/>
  <testcase name="verifyLoginPageTitleTest" time="0.005" classname="com.qa.hubspot.tests.LoginPageTest"/>
</testsuite> <!-- Default test -->
