<?xml version="1.0" encoding="UTF-8"?>
<!-- Generated by org.testng.reporters.JUnitXMLReporter -->
<testsuite hostname="DESKTOP-CIRC4LK" name="Default test" tests="3" failures="0" timestamp="13 Dec 2020 13:40:06 GMT" time="10.818" errors="0">
  <testcase name="verifyForgottenLinkExists" time="0.172" classname="com.qa.hubspot.tests.LoginPageTest"/>
  <testcase name="verifyLogin" time="2.899" classname="com.qa.hubspot.tests.LoginPageTest"/>
  <testcase name="verifyLoginPageTitleTest" time="0.008" classname="com.qa.hubspot.tests.LoginPageTest"/>
</testsuite> <!-- Default test -->
