<?xml version="1.0" encoding="UTF-8"?>
<!-- Generated by org.testng.reporters.JUnitXMLReporter -->
<testsuite hostname="DESKTOP-CIRC4LK" name="Default test" tests="3" failures="0" timestamp="17 Dec 2020 18:24:19 GMT" time="14.419" errors="0">
  <testcase name="verifyForgottenLinkExists" time="0.139" classname="com.qa.hubspot.tests.LoginPageTest"/>
  <testcase name="verifyLogin" time="2.794" classname="com.qa.hubspot.tests.LoginPageTest"/>
  <testcase name="verifyLoginPageTitleTest" time="0.008" classname="com.qa.hubspot.tests.LoginPageTest"/>
</testsuite> <!-- Default test -->
