<?xml version="1.0" encoding="UTF-8"?>
<testng-results skipped="0" failed="0" total="3" passed="3">
  <reporter-output>
  </reporter-output>
  <suite name="Default suite" duration-ms="14419" started-at="2020-12-17T18:24:05Z" finished-at="2020-12-17T18:24:19Z">
    <groups>
    </groups>
    <test name="Default test" duration-ms="14419" started-at="2020-12-17T18:24:05Z" finished-at="2020-12-17T18:24:19Z">
      <class name="com.qa.hubspot.tests.LoginPageTest">
        <test-method status="PASS" signature="setup()[pri:0, instance:com.qa.hubspot.tests.LoginPageTest@4ec6a292]" name="setup" is-config="true" duration-ms="10284" started-at="2020-12-17T23:54:05Z" finished-at="2020-12-17T23:54:15Z">
          <reporter-output>
          </reporter-output>
        </test-method> <!-- setup -->
        <test-method status="PASS" signature="verifyForgottenLinkExists()[pri:0, instance:com.qa.hubspot.tests.LoginPageTest@4ec6a292]" name="verifyForgottenLinkExists" duration-ms="139" started-at="2020-12-17T23:54:15Z" finished-at="2020-12-17T23:54:15Z">
          <reporter-output>
          </reporter-output>
        </test-method> <!-- verifyForgottenLinkExists -->
        <test-method status="PASS" signature="verifyLogin()[pri:0, instance:com.qa.hubspot.tests.LoginPageTest@4ec6a292]" name="verifyLogin" duration-ms="2794" started-at="2020-12-17T23:54:15Z" finished-at="2020-12-17T23:54:18Z">
          <reporter-output>
          </reporter-output>
        </test-method> <!-- verifyLogin -->
        <test-method status="PASS" signature="verifyLoginPageTitleTest()[pri:1, instance:com.qa.hubspot.tests.LoginPageTest@4ec6a292]" name="verifyLoginPageTitleTest" duration-ms="8" started-at="2020-12-17T23:54:18Z" finished-at="2020-12-17T23:54:18Z">
          <reporter-output>
          </reporter-output>
        </test-method> <!-- verifyLoginPageTitleTest -->
        <test-method status="PASS" signature="tearDown()[pri:0, instance:com.qa.hubspot.tests.LoginPageTest@4ec6a292]" name="tearDown" is-config="true" duration-ms="1161" started-at="2020-12-17T23:54:18Z" finished-at="2020-12-17T23:54:19Z">
          <reporter-output>
          </reporter-output>
        </test-method> <!-- tearDown -->
      </class> <!-- com.qa.hubspot.tests.LoginPageTest -->
    </test> <!-- Default test -->
  </suite> <!-- Default suite -->
</testng-results>
