<?xml version="1.0" encoding="UTF-8"?>
<testng-results skipped="0" failed="0" total="3" passed="3">
  <reporter-output>
  </reporter-output>
  <suite name="Default suite" duration-ms="10818" started-at="2020-12-13T13:39:55Z" finished-at="2020-12-13T13:40:06Z">
    <groups>
    </groups>
    <test name="Default test" duration-ms="10818" started-at="2020-12-13T13:39:55Z" finished-at="2020-12-13T13:40:06Z">
      <class name="com.qa.hubspot.tests.LoginPageTest">
        <test-method status="PASS" signature="setup()[pri:0, instance:com.qa.hubspot.tests.LoginPageTest@4ec6a292]" name="setup" is-config="true" duration-ms="6697" started-at="2020-12-13T19:09:55Z" finished-at="2020-12-13T19:10:01Z">
          <reporter-output>
          </reporter-output>
        </test-method> <!-- setup -->
        <test-method status="PASS" signature="verifyForgottenLinkExists()[pri:0, instance:com.qa.hubspot.tests.LoginPageTest@4ec6a292]" name="verifyForgottenLinkExists" duration-ms="172" started-at="2020-12-13T19:10:01Z" finished-at="2020-12-13T19:10:02Z">
          <reporter-output>
          </reporter-output>
        </test-method> <!-- verifyForgottenLinkExists -->
        <test-method status="PASS" signature="verifyLogin()[pri:0, instance:com.qa.hubspot.tests.LoginPageTest@4ec6a292]" name="verifyLogin" duration-ms="2899" started-at="2020-12-13T19:10:02Z" finished-at="2020-12-13T19:10:04Z">
          <reporter-output>
          </reporter-output>
        </test-method> <!-- verifyLogin -->
        <test-method status="PASS" signature="verifyLoginPageTitleTest()[pri:1, instance:com.qa.hubspot.tests.LoginPageTest@4ec6a292]" name="verifyLoginPageTitleTest" duration-ms="8" started-at="2020-12-13T19:10:04Z" finished-at="2020-12-13T19:10:05Z">
          <reporter-output>
          </reporter-output>
        </test-method> <!-- verifyLoginPageTitleTest -->
        <test-method status="PASS" signature="tearDown()[pri:0, instance:com.qa.hubspot.tests.LoginPageTest@4ec6a292]" name="tearDown" is-config="true" duration-ms="1020" started-at="2020-12-13T19:10:05Z" finished-at="2020-12-13T19:10:06Z">
          <reporter-output>
          </reporter-output>
        </test-method> <!-- tearDown -->
      </class> <!-- com.qa.hubspot.tests.LoginPageTest -->
    </test> <!-- Default test -->
  </suite> <!-- Default suite -->
</testng-results>
