<?xml version="1.0" encoding="UTF-8"?>
<!-- Generated by org.testng.reporters.JUnitXMLReporter -->
<testsuite hostname="DESKTOP-CIRC4LK" name="LoginPage Test" tests="2" failures="2" timestamp="5 Dec 2020 15:47:33 GMT" time="7.287" errors="0">
  <testcase name="verifyForgottenLinkExists" time="0.003" classname="com.qa.hubspot.tests.LoginPageTest">
    <failure type="java.lang.NoSuchMethodError" message="org.testng.ITestNGMethod.getQualifiedName()Ljava/lang/String;">
      <![CDATA[java.lang.NoSuchMethodError: org.testng.ITestNGMethod.getQualifiedName()Ljava/lang/String;
	at com.qa.hubspot.testlisteners.ExtentReportListener.onTestStart(ExtentReportListener.java:68)
... Removed 21 stack frames]]>
    </failure>
  </testcase> <!-- verifyForgottenLinkExists -->
  <testcase name="verifyForgottenLinkExists" time="0.004" classname="com.qa.hubspot.tests.LoginPageTest">
    <failure type="java.lang.NullPointerException">
      <![CDATA[java.lang.NullPointerException
	at com.qa.hubspot.testlisteners.ExtentReportListener.onTestFailure(ExtentReportListener.java:102)
... Removed 21 stack frames]]>
    </failure>
  </testcase> <!-- verifyForgottenLinkExists -->
</testsuite> <!-- LoginPage Test -->
